<?xml version="1.0" encoding="UTF-8"?>
<!-- Generated by org.testng.reporters.JUnitReportReporter -->
<testsuite hostname="niveus-HP-EliteBook-820-G3" failures="0" tests="3" name="com.niveus.afya.testcase.LoginPageTest" time="12.369" errors="0" timestamp="2021-09-29T11:55:37 IST" skipped="2">
  <testcase classname="com.niveus.afya.testcase.LoginPageTest" name="loginPagelabelTest" time="12.369"/>
  <system-out>
    <![CDATA[loginPagelabelTest method is running]]>
  </system-out>
  <testcase classname="com.niveus.afya.testcase.LoginPageTest" name="loginTest">
    <skipped/>
  </testcase> <!-- loginTest -->
  <system-out/>
  <testcase classname="com.niveus.afya.testcase.LoginPageTest" name="loginPageTitleTest">
    <skipped/>
  </testcase> <!-- loginPageTitleTest -->
  <system-out/>
</testsuite> <!-- com.niveus.afya.testcase.LoginPageTest -->
