<?xml version="1.0" encoding="UTF-8"?>
<!-- Generated by org.testng.reporters.JUnitReportReporter -->
<testsuite hostname="niveus-HP-EliteBook-820-G3" failures="0" tests="3" name="com.niveus.afya.testcase.FilterTest" time="130.576" errors="0" timestamp="2021-08-16T14:31:48 IST" skipped="0">
  <testcase classname="com.niveus.afya.testcase.FilterTest" name="allFilterTest" time="32.996"/>
  <system-out/>
  <testcase classname="com.niveus.afya.testcase.FilterTest" name="selectFilter" time="36.780"/>
  <system-out/>
  <testcase classname="com.niveus.afya.testcase.FilterTest" name="closeFilterTest" time="60.800"/>
  <system-out/>
</testsuite> <!-- com.niveus.afya.testcase.FilterTest -->
