<?xml version="1.0" encoding="UTF-8"?>
<!-- Generated by org.testng.reporters.JUnitReportReporter -->
<testsuite hostname="niveus-HP-EliteBook-820-G3" failures="0" tests="3" name="com.niveus.afya.testcase.AlertPageTest" time="46.767" errors="0" timestamp="2021-08-24T11:26:33 IST" skipped="0">
  <testcase classname="com.niveus.afya.testcase.AlertPageTest" name="alertImageTest" time="15.988"/>
  <system-out/>
  <testcase classname="com.niveus.afya.testcase.AlertPageTest" name="verifyAlertTest" time="15.335"/>
  <system-out/>
  <testcase classname="com.niveus.afya.testcase.AlertPageTest" name="clickOnAlert" time="15.444"/>
  <system-out/>
</testsuite> <!-- com.niveus.afya.testcase.AlertPageTest -->
