<?xml version="1.0" encoding="UTF-8"?>
<!-- Generated by org.testng.reporters.JUnitReportReporter -->
<testsuite hostname="niveus-HP-EliteBook-820-G3" failures="0" tests="3" name="com.niveus.afya.testcase.LoginPageTest" time="34.517" errors="0" timestamp="2021-09-30T14:55:23 IST" skipped="1">
  <testcase classname="com.niveus.afya.testcase.LoginPageTest" name="loginPageTitleTest" time="16.618"/>
  <system-out>
    <![CDATA[loginPageTitleTest method is running]]>
  </system-out>
  <testcase classname="com.niveus.afya.testcase.LoginPageTest" name="loginPagelabelTest" time="17.899"/>
  <system-out>
    <![CDATA[loginPagelabelTest method is running]]>
  </system-out>
  <testcase classname="com.niveus.afya.testcase.LoginPageTest" name="loginTest">
    <skipped/>
  </testcase> <!-- loginTest -->
  <system-out/>
</testsuite> <!-- com.niveus.afya.testcase.LoginPageTest -->
