<?xml version="1.0" encoding="UTF-8"?>
<!-- Generated by org.testng.reporters.JUnitReportReporter -->
<testsuite hostname="niveus-HP-EliteBook-820-G3" failures="0" tests="4" name="com.niveus.afya.testcase.SwitchRoleTest" time="130.238" errors="0" timestamp="2021-08-24T11:26:33 IST" skipped="0">
  <testcase classname="com.niveus.afya.testcase.SwitchRoleTest" name="switcgRoleIsEnabledTest" time="36.172"/>
  <system-out/>
  <testcase classname="com.niveus.afya.testcase.SwitchRoleTest" name="clickOnSwitchRoleTest" time="28.999"/>
  <system-out/>
  <testcase classname="com.niveus.afya.testcase.SwitchRoleTest" name="isRolesDisplayedTest" time="33.672"/>
  <system-out/>
  <testcase classname="com.niveus.afya.testcase.SwitchRoleTest" name="clickOnRolesTest" time="31.395"/>
  <system-out/>
</testsuite> <!-- com.niveus.afya.testcase.SwitchRoleTest -->
