<?xml version="1.0" encoding="UTF-8"?>
<!-- Generated by org.testng.reporters.JUnitReportReporter -->
<testsuite hostname="niveus-HP-EliteBook-820-G3" failures="0" tests="4" name="com.niveus.afya.testcase.ChooseRoleTest" time="94.208" errors="0" timestamp="2021-08-24T11:26:33 IST" skipped="0">
  <testcase classname="com.niveus.afya.testcase.ChooseRoleTest" name="clickOnRole" time="26.396"/>
  <system-out/>
  <testcase classname="com.niveus.afya.testcase.ChooseRoleTest" name="verifyChooseRoleLabel" time="20.170"/>
  <system-out/>
  <testcase classname="com.niveus.afya.testcase.ChooseRoleTest" name="responderRoleIsEnabled" time="24.273"/>
  <system-out/>
  <testcase classname="com.niveus.afya.testcase.ChooseRoleTest" name="submittrRoleIsEnable" time="23.369"/>
  <system-out/>
</testsuite> <!-- com.niveus.afya.testcase.ChooseRoleTest -->
