<?xml version="1.0" encoding="UTF-8"?>
<!-- Generated by org.testng.reporters.JUnitReportReporter -->
<testsuite hostname="niveus-HP-EliteBook-820-G3" failures="0" tests="7" name="com.niveus.afya.testcase.LoginPageTest" time="102.341" errors="0" timestamp="2021-08-20T17:08:09 IST" skipped="0">
  <testcase classname="com.niveus.afya.testcase.LoginPageTest" name="loginTest" time="14.750"/>
  <system-out>
    <![CDATA[loginTest method is running]]>
  </system-out>
  <testcase classname="com.niveus.afya.testcase.LoginPageTest" name="loginTest" time="8.324"/>
  <system-out>
    <![CDATA[loginTest method is running]]>
  </system-out>
  <testcase classname="com.niveus.afya.testcase.LoginPageTest" name="loginTest" time="16.675"/>
  <system-out>
    <![CDATA[loginTest method is running]]>
  </system-out>
  <testcase classname="com.niveus.afya.testcase.LoginPageTest" name="loginTest" time="13.686"/>
  <system-out>
    <![CDATA[loginTest method is running]]>
  </system-out>
  <testcase classname="com.niveus.afya.testcase.LoginPageTest" name="loginTest" time="20.319"/>
  <system-out>
    <![CDATA[loginTest method is running]]>
  </system-out>
  <testcase classname="com.niveus.afya.testcase.LoginPageTest" name="loginPagelabelTest" time="12.255"/>
  <system-out>
    <![CDATA[loginPagelabelTest method is running]]>
  </system-out>
  <testcase classname="com.niveus.afya.testcase.LoginPageTest" name="loginPageTitleTest" time="16.332"/>
  <system-out>
    <![CDATA[loginPageTitleTest method is running]]>
  </system-out>
</testsuite> <!-- com.niveus.afya.testcase.LoginPageTest -->
