<?xml version="1.0" encoding="UTF-8"?>
<!-- Generated by org.testng.reporters.JUnitReportReporter -->
<testsuite hostname="niveus-HP-EliteBook-820-G3" failures="0" tests="3" name="com.niveus.afya.testcase.FilterTest" time="115.164" errors="0" timestamp="2021-08-24T11:26:33 IST" skipped="0">
  <testcase classname="com.niveus.afya.testcase.FilterTest" name="allFilterTest" time="26.949"/>
  <system-out/>
  <testcase classname="com.niveus.afya.testcase.FilterTest" name="selectFilter" time="32.003"/>
  <system-out/>
  <testcase classname="com.niveus.afya.testcase.FilterTest" name="closeFilterTest" time="56.212"/>
  <system-out/>
</testsuite> <!-- com.niveus.afya.testcase.FilterTest -->
