<?xml version="1.0" encoding="UTF-8"?>
<!-- Generated by org.testng.reporters.JUnitReportReporter -->
<testsuite hostname="niveus-HP-EliteBook-820-G3" failures="0" tests="3" name="com.niveus.afya.testcase.AlertPageTest" time="49.153" errors="0" timestamp="2021-08-20T16:54:17 IST" skipped="0">
  <testcase classname="com.niveus.afya.testcase.AlertPageTest" name="alertImageTest" time="15.880"/>
  <system-out/>
  <testcase classname="com.niveus.afya.testcase.AlertPageTest" name="verifyAlertTest" time="18.656"/>
  <system-out/>
  <testcase classname="com.niveus.afya.testcase.AlertPageTest" name="clickOnAlert" time="14.617"/>
  <system-out/>
</testsuite> <!-- com.niveus.afya.testcase.AlertPageTest -->
