<?xml version="1.0" encoding="UTF-8"?>
<!-- Generated by org.testng.reporters.JUnitReportReporter -->
<testsuite hostname="niveus-HP-EliteBook-820-G3" failures="0" tests="4" name="com.niveus.afya.testcase.ChooseRoleTest" time="102.961" errors="0" timestamp="2021-08-16T14:31:48 IST" skipped="0">
  <testcase classname="com.niveus.afya.testcase.ChooseRoleTest" name="responderRoleIsEnabled" time="25.920"/>
  <system-out/>
  <testcase classname="com.niveus.afya.testcase.ChooseRoleTest" name="submittrRoleIsEnable" time="26.500"/>
  <system-out/>
  <testcase classname="com.niveus.afya.testcase.ChooseRoleTest" name="clickOnRole" time="28.273"/>
  <system-out/>
  <testcase classname="com.niveus.afya.testcase.ChooseRoleTest" name="verifyChooseRoleLabel" time="22.268"/>
  <system-out/>
</testsuite> <!-- com.niveus.afya.testcase.ChooseRoleTest -->
