<?xml version="1.0" encoding="UTF-8"?>
<!-- Generated by org.testng.reporters.JUnitReportReporter -->
<testsuite hostname="niveus-HP-EliteBook-820-G3" failures="0" tests="4" name="com.niveus.afya.testcase.SwitchRoleTest" time="113.490" errors="0" timestamp="2021-08-16T14:31:48 IST" skipped="0">
  <testcase classname="com.niveus.afya.testcase.SwitchRoleTest" name="switcgRoleIsEnabledTest" time="28.107"/>
  <system-out/>
  <testcase classname="com.niveus.afya.testcase.SwitchRoleTest" name="clickOnSwitchRoleTest" time="26.509"/>
  <system-out/>
  <testcase classname="com.niveus.afya.testcase.SwitchRoleTest" name="isRolesDisplayedTest" time="29.957"/>
  <system-out/>
  <testcase classname="com.niveus.afya.testcase.SwitchRoleTest" name="clickOnRolesTest" time="28.917"/>
  <system-out/>
</testsuite> <!-- com.niveus.afya.testcase.SwitchRoleTest -->
