<?xml version="1.0" encoding="UTF-8"?>
<!-- Generated by org.testng.reporters.JUnitReportReporter -->
<testsuite hostname="niveus-HP-EliteBook-820-G3" failures="0" tests="4" name="com.niveus.afya.testcase.SortTest" time="118.502" errors="0" timestamp="2021-08-16T14:31:48 IST" skipped="0">
  <testcase classname="com.niveus.afya.testcase.SortTest" name="sortSectionIsEnabledTest" time="30.416"/>
  <system-out/>
  <testcase classname="com.niveus.afya.testcase.SortTest" name="getSortOptionsTest" time="27.637"/>
  <system-out/>
  <testcase classname="com.niveus.afya.testcase.SortTest" name="verifySortTest" time="28.979"/>
  <system-out/>
  <testcase classname="com.niveus.afya.testcase.SortTest" name="closeSortTest" time="31.470"/>
  <system-out/>
</testsuite> <!-- com.niveus.afya.testcase.SortTest -->
