<?xml version="1.0" encoding="UTF-8"?>
<!-- Generated by org.testng.reporters.JUnitReportReporter -->
<testsuite hostname="niveus-HP-EliteBook-820-G3" failures="0" tests="1" name="com.niveus.afya.testcase.LoginPageTest" time="13.307" errors="0" timestamp="2021-08-23T20:50:38 IST" skipped="0">
  <testcase classname="com.niveus.afya.testcase.LoginPageTest" name="loginPagelabelTest" time="13.307"/>
  <system-out>
    <![CDATA[loginPagelabelTest method is running]]>
  </system-out>
</testsuite> <!-- com.niveus.afya.testcase.LoginPageTest -->
