<?xml version="1.0" encoding="UTF-8"?>
<!-- Generated by org.testng.reporters.JUnitReportReporter -->
<testsuite hostname="niveus-HP-EliteBook-820-G3" failures="0" tests="6" name="com.niveus.afya.testcase.ChatPageTest" time="248.027" errors="0" timestamp="2021-08-16T14:31:48 IST" skipped="0">
  <testcase classname="com.niveus.afya.testcase.ChatPageTest" name="clikcOnChatSessionTest" time="31.942"/>
  <system-out/>
  <testcase classname="com.niveus.afya.testcase.ChatPageTest" name="chatHeaderVisibiltyTest" time="32.929"/>
  <system-out/>
  <testcase classname="com.niveus.afya.testcase.ChatPageTest" name="chatAreaElementTest" time="40.147"/>
  <system-out/>
  <testcase classname="com.niveus.afya.testcase.ChatPageTest" name="mediaFilesSectionTest" time="38.739"/>
  <system-out/>
  <testcase classname="com.niveus.afya.testcase.ChatPageTest" name="atCodesVisibilityTest" time="63.232"/>
  <system-out/>
  <testcase classname="com.niveus.afya.testcase.ChatPageTest" name="videoMemberListTest" time="41.038"/>
  <system-out/>
</testsuite> <!-- com.niveus.afya.testcase.ChatPageTest -->
