<?xml version="1.0" encoding="UTF-8"?>
<!-- Generated by org.testng.reporters.JUnitReportReporter -->
<testsuite hostname="niveus-HP-EliteBook-820-G3" failures="0" tests="3" name="com.niveus.afya.testcase.LoginPageTest" time="22.802" errors="0" timestamp="2021-10-01T20:39:24 IST" skipped="2">
  <testcase classname="com.niveus.afya.testcase.LoginPageTest" name="loginPageTitleTest" time="22.802"/>
  <system-out>
    <![CDATA[loginPageTitleTest method is running]]>
  </system-out>
  <testcase classname="com.niveus.afya.testcase.LoginPageTest" name="loginTest">
    <skipped/>
  </testcase> <!-- loginTest -->
  <system-out/>
  <testcase classname="com.niveus.afya.testcase.LoginPageTest" name="loginPagelabelTest">
    <skipped/>
  </testcase> <!-- loginPagelabelTest -->
  <system-out/>
</testsuite> <!-- com.niveus.afya.testcase.LoginPageTest -->
