<?xml version="1.0" encoding="UTF-8"?>
<!-- Generated by org.testng.reporters.JUnitReportReporter -->
<testsuite hostname="niveus-HP-EliteBook-820-G3" failures="0" tests="8" name="com.niveus.afya.testcase.HomePageTest" time="230.114" errors="0" timestamp="2021-08-24T11:26:33 IST" skipped="0">
  <testcase classname="com.niveus.afya.testcase.HomePageTest" name="chatFilterTest" time="43.199"/>
  <system-out/>
  <testcase classname="com.niveus.afya.testcase.HomePageTest" name="searchIsEnabled" time="25.101"/>
  <system-out/>
  <testcase classname="com.niveus.afya.testcase.HomePageTest" name="userLandingpageFilterTest" time="29.794"/>
  <system-out/>
  <testcase classname="com.niveus.afya.testcase.HomePageTest" name="sortFilterBtnTest" time="27.247"/>
  <system-out/>
  <testcase classname="com.niveus.afya.testcase.HomePageTest" name="loginUSerNameTest" time="25.284"/>
  <system-out/>
  <testcase classname="com.niveus.afya.testcase.HomePageTest" name="verifyAfyaLogoTest" time="26.759"/>
  <system-out/>
  <testcase classname="com.niveus.afya.testcase.HomePageTest" name="getHeaderTest" time="27.916"/>
  <system-out/>
  <testcase classname="com.niveus.afya.testcase.HomePageTest" name="verifySubmitterPageTest" time="24.814"/>
  <system-out/>
</testsuite> <!-- com.niveus.afya.testcase.HomePageTest -->
