<?xml version="1.0" encoding="UTF-8"?>
<!-- Generated by org.testng.reporters.JUnitReportReporter -->
<testsuite hostname="niveus-HP-EliteBook-820-G3" failures="0" tests="8" name="com.niveus.afya.testcase.ProfileTest" time="286.083" errors="0" timestamp="2021-08-16T14:31:48 IST" skipped="0">
  <testcase classname="com.niveus.afya.testcase.ProfileTest" name="myProfileVisibilityTest" time="26.794"/>
  <system-out/>
  <testcase classname="com.niveus.afya.testcase.ProfileTest" name="clikcOnProfileTest" time="31.007"/>
  <system-out/>
  <testcase classname="com.niveus.afya.testcase.ProfileTest" name="profileHeaderTest" time="31.228"/>
  <system-out/>
  <testcase classname="com.niveus.afya.testcase.ProfileTest" name="LoggedInUserNameTest" time="29.474"/>
  <system-out/>
  <testcase classname="com.niveus.afya.testcase.ProfileTest" name="userRoleInProfileTest" time="31.107"/>
  <system-out/>
  <testcase classname="com.niveus.afya.testcase.ProfileTest" name="updateUserInformationTest" time="54.158"/>
  <system-out/>
  <testcase classname="com.niveus.afya.testcase.ProfileTest" name="uploadProfileImageTest" time="51.963"/>
  <system-out/>
  <testcase classname="com.niveus.afya.testcase.ProfileTest" name="userProfileTest" time="30.352"/>
  <system-out/>
</testsuite> <!-- com.niveus.afya.testcase.ProfileTest -->
