<?xml version="1.0" encoding="UTF-8"?>
<!-- Generated by org.testng.reporters.JUnitReportReporter -->
<testsuite hostname="niveus-HP-EliteBook-820-G3" failures="0" tests="3" name="com.niveus.afya.testcase.SearchTest" time="97.332" errors="0" timestamp="2021-08-16T14:31:48 IST" skipped="0">
  <testcase classname="com.niveus.afya.testcase.SearchTest" name="doSearchTest" time="29.024"/>
  <system-out/>
  <testcase classname="com.niveus.afya.testcase.SearchTest" name="clearSearchData" time="35.318"/>
  <system-out/>
  <testcase classname="com.niveus.afya.testcase.SearchTest" name="clearSearchEnabledTest" time="32.990"/>
  <system-out/>
</testsuite> <!-- com.niveus.afya.testcase.SearchTest -->
