<?xml version="1.0" encoding="UTF-8"?>
<!-- Generated by org.testng.reporters.JUnitReportReporter -->
<testsuite hostname="niveus-HP-EliteBook-820-G3" failures="0" tests="3" name="com.niveus.afya.testcase.SearchTest" time="73.312" errors="0" timestamp="2021-08-24T11:26:33 IST" skipped="0">
  <testcase classname="com.niveus.afya.testcase.SearchTest" name="clearSearchData" time="23.530"/>
  <system-out/>
  <testcase classname="com.niveus.afya.testcase.SearchTest" name="doSearchTest" time="23.077"/>
  <system-out/>
  <testcase classname="com.niveus.afya.testcase.SearchTest" name="clearSearchEnabledTest" time="26.705"/>
  <system-out/>
</testsuite> <!-- com.niveus.afya.testcase.SearchTest -->
