<?xml version="1.0" encoding="UTF-8"?>
<!-- Generated by org.testng.reporters.JUnitReportReporter -->
<testsuite hostname="niveus-HP-EliteBook-820-G3" failures="0" tests="8" name="com.niveus.afya.testcase.HomePageTest" time="240.325" errors="0" timestamp="2021-08-16T14:31:48 IST" skipped="0">
  <testcase classname="com.niveus.afya.testcase.HomePageTest" name="loginUSerNameTest" time="29.659"/>
  <system-out/>
  <testcase classname="com.niveus.afya.testcase.HomePageTest" name="userLandingpageFilterTest" time="32.223"/>
  <system-out/>
  <testcase classname="com.niveus.afya.testcase.HomePageTest" name="verifyAfyaLogoTest" time="32.941"/>
  <system-out/>
  <testcase classname="com.niveus.afya.testcase.HomePageTest" name="chatFilterTest" time="26.422"/>
  <system-out/>
  <testcase classname="com.niveus.afya.testcase.HomePageTest" name="getHeaderTest" time="24.601"/>
  <system-out/>
  <testcase classname="com.niveus.afya.testcase.HomePageTest" name="searchIsEnabled" time="32.856"/>
  <system-out/>
  <testcase classname="com.niveus.afya.testcase.HomePageTest" name="sortFilterBtnTest" time="31.846"/>
  <system-out/>
  <testcase classname="com.niveus.afya.testcase.HomePageTest" name="verifySubmitterPageTest" time="29.777"/>
  <system-out/>
</testsuite> <!-- com.niveus.afya.testcase.HomePageTest -->
