<?xml version="1.0" encoding="UTF-8"?>
<!-- Generated by org.testng.reporters.JUnitReportReporter -->
<testsuite hostname="niveus-HP-EliteBook-820-G3" failures="0" tests="8" name="com.niveus.afya.testcase.HomePageTest" time="302.933" errors="0" timestamp="2021-08-10T11:47:13 IST" skipped="0">
  <testcase classname="com.niveus.afya.testcase.HomePageTest" name="getHeaderTest" time="37.410"/>
  <system-out/>
  <testcase classname="com.niveus.afya.testcase.HomePageTest" name="sortFilterBtnTest" time="31.899"/>
  <system-out/>
  <testcase classname="com.niveus.afya.testcase.HomePageTest" name="verifySubmitterPageTest" time="35.474"/>
  <system-out/>
  <testcase classname="com.niveus.afya.testcase.HomePageTest" name="userLandingpageFilterTest" time="33.715"/>
  <system-out/>
  <testcase classname="com.niveus.afya.testcase.HomePageTest" name="chatFilterTest" time="48.141"/>
  <system-out/>
  <testcase classname="com.niveus.afya.testcase.HomePageTest" name="loginUSerNameTest" time="56.112"/>
  <system-out/>
  <testcase classname="com.niveus.afya.testcase.HomePageTest" name="verifyAfyaLogoTest" time="31.763"/>
  <system-out/>
  <testcase classname="com.niveus.afya.testcase.HomePageTest" name="searchIsEnabled" time="28.419"/>
  <system-out/>
</testsuite> <!-- com.niveus.afya.testcase.HomePageTest -->
