<?xml version="1.0" encoding="UTF-8"?>
<!-- Generated by org.testng.reporters.JUnitReportReporter -->
<testsuite hostname="niveus-HP-EliteBook-820-G3" failures="0" tests="4" name="com.niveus.afya.testcase.SwitchRoleTest" time="125.316" errors="0" timestamp="2021-08-10T11:47:13 IST" skipped="0">
  <testcase classname="com.niveus.afya.testcase.SwitchRoleTest" name="switcgRoleIsEnabledTest" time="25.151"/>
  <system-out/>
  <testcase classname="com.niveus.afya.testcase.SwitchRoleTest" name="clickOnSwitchRoleTest" time="34.505"/>
  <system-out/>
  <testcase classname="com.niveus.afya.testcase.SwitchRoleTest" name="isRolesDisplayedTest" time="31.584"/>
  <system-out/>
  <testcase classname="com.niveus.afya.testcase.SwitchRoleTest" name="clickOnRolesTest" time="34.076"/>
  <system-out/>
</testsuite> <!-- com.niveus.afya.testcase.SwitchRoleTest -->
