<?xml version="1.0" encoding="UTF-8"?>
<!-- Generated by org.testng.reporters.JUnitReportReporter -->
<testsuite hostname="niveus-HP-EliteBook-820-G3" failures="0" tests="3" name="com.niveus.afya.testcase.AlertPageTest" time="60.320" errors="0" timestamp="2021-08-10T11:47:13 IST" skipped="0">
  <testcase classname="com.niveus.afya.testcase.AlertPageTest" name="alertImageTest" time="20.329"/>
  <system-out/>
  <testcase classname="com.niveus.afya.testcase.AlertPageTest" name="verifyAlertTest" time="18.250"/>
  <system-out/>
  <testcase classname="com.niveus.afya.testcase.AlertPageTest" name="clickOnAlert" time="21.741"/>
  <system-out/>
</testsuite> <!-- com.niveus.afya.testcase.AlertPageTest -->
