<?xml version="1.0" encoding="UTF-8"?>
<!-- Generated by org.testng.reporters.JUnitReportReporter -->
<testsuite hostname="niveus-HP-EliteBook-820-G3" failures="0" tests="3" name="com.niveus.afya.testcase.SearchTest" time="94.512" errors="0" timestamp="2021-08-10T11:47:13 IST" skipped="0">
  <testcase classname="com.niveus.afya.testcase.SearchTest" name="doSearchTest" time="35.517"/>
  <system-out/>
  <testcase classname="com.niveus.afya.testcase.SearchTest" name="clearSearchData" time="30.598"/>
  <system-out/>
  <testcase classname="com.niveus.afya.testcase.SearchTest" name="clearSearchEnabledTest" time="28.397"/>
  <system-out/>
</testsuite> <!-- com.niveus.afya.testcase.SearchTest -->
